Program started
0: 0.08635983062176428
1: 0.08635983062176428
2: 0.08635983062176428
3: 0.08635983062176428
4: 0.08635983062176428
5: 0.08635983062176428
6: 0.08635983062176428
7: 0.08635983062176428
8: 0.08635983062176428
9: 0.08635983062176428
10: 0.08635983062176428
11: 0.08635983062176428
12: 0.08635983062176428
13: 0.08635983062176428
14: 0.08635983062176428
15: 0.08635983062176428
16: 0.08635983062176428
17: 0.08635983062176428
18: 0.08635983062176428
19: 0.08752248128814911
20: 0.08752248128814911
21: 0.08752248128814911
22: 0.08752248128814911
23: 0.08752248128814911
24: 0.08752248128814911
25: 0.0919465934228364
26: 0.0919465934228364
27: 0.0919465934228364
28: 0.0919465934228364
29: 0.0919465934228364
30: 0.12604521990521575
31: 0.12604521990521575
32: 0.12604521990521575
33: 0.12604521990521575
34: 0.12604521990521575
35: 0.12604521990521575
36: 0.12604521990521575
37: 0.12604521990521575
38: 0.12604521990521575
39: 0.12604521990521575
40: 0.12604521990521575
41: 0.12604521990521575
42: 0.12604521990521575
43: 0.12604521990521575
44: 0.12604521990521575
45: 0.12604521990521575
46: 0.12604521990521575
47: 0.12604521990521575
48: 0.12604521990521575
49: 0.12604521990521575
Done
Program started
Program started
0: 0.06904161464583224
Program started
Превышено число шагов: 11 > 10
Превышено число шагов: 12 > 10
Превышено число шагов: 13 > 10
Превышено число шагов: 14 > 10
Превышено число шагов: 15 > 10
Превышено число шагов: 16 > 10
Превышено число шагов: 17 > 10
Превышено число шагов: 18 > 10
Превышено число шагов: 19 > 10
Превышено число шагов: 20 > 10
Превышено число шагов: 21 > 10
Превышено число шагов: 22 > 10
Превышено число шагов: 23 > 10
Превышено число шагов: 24 > 10
Превышено число шагов: 25 > 10
Превышено число шагов: 26 > 10
Превышено число шагов: 27 > 10
Превышено число шагов: 28 > 10
Превышено число шагов: 29 > 10
Превышено число шагов: 30 > 10
Превышено число шагов: 31 > 10
Превышено число шагов: 32 > 10
Превышено число шагов: 33 > 10
Превышено число шагов: 34 > 10
Program started
0: 0.07775965886088562
Program started
Превышено число шагов: 11 > 10
Превышено число шагов: 12 > 10
Превышено число шагов: 13 > 10
Превышено число шагов: 14 > 10
Превышено число шагов: 15 > 10
Превышено число шагов: 16 > 10
Превышено число шагов: 17 > 10
Превышено число шагов: 18 > 10
Превышено число шагов: 19 > 10
Превышено число шагов: 20 > 10
Превышено число шагов: 21 > 10
Превышено число шагов: 22 > 10
Превышено число шагов: 23 > 10
Превышено число шагов: 24 > 10
Превышено число шагов: 25 > 10
Превышено число шагов: 26 > 10
Превышено число шагов: 27 > 10
Превышено число шагов: 28 > 10
Превышено число шагов: 29 > 10
Превышено число шагов: 30 > 10
Превышено число шагов: 11 > 10
Превышено число шагов: 12 > 10
Превышено число шагов: 13 > 10
Превышено число шагов: 14 > 10
Превышено число шагов: 15 > 10
Превышено число шагов: 16 > 10
Превышено число шагов: 17 > 10
Превышено число шагов: 18 > 10
Превышено число шагов: 19 > 10
Превышено число шагов: 20 > 10
Превышено число шагов: 21 > 10
Превышено число шагов: 22 > 10
Превышено число шагов: 23 > 10
Превышено число шагов: 24 > 10
Превышено число шагов: 25 > 10
Превышено число шагов: 26 > 10
Превышено число шагов: 27 > 10
Превышено число шагов: 28 > 10
Превышено число шагов: 29 > 10
Превышено число шагов: 30 > 10
Превышено число шагов: 31 > 10
Превышено число шагов: 32 > 10
Превышено число шагов: 33 > 10
Превышено число шагов: 34 > 10
Превышено число шагов: 35 > 10
Program started
Превышена глубина синтеза 5 > 5
Превышена глубина синтеза 6 > 5
Превышена глубина синтеза 6 > 5
Превышена глубина синтеза 7 > 5
Превышена глубина синтеза 7 > 5
Превышена глубина синтеза 7 > 5
Превышена глубина синтеза 8 > 5
Превышена глубина синтеза 9 > 5
Превышена глубина синтеза 10 > 5
Превышена глубина синтеза 11 > 5
Превышена глубина синтеза 12 > 5
Превышена глубина синтеза 13 > 5
Превышена глубина синтеза 14 > 5
Превышена глубина синтеза 14 > 5
Превышена глубина синтеза 14 > 5
Превышена глубина синтеза 15 > 5
Превышена глубина синтеза 16 > 5
Превышена глубина синтеза 16 > 5
Превышена глубина синтеза 17 > 5
Превышена глубина синтеза 18 > 5
Превышена глубина синтеза 18 > 5
Превышена глубина синтеза 19 > 5
Превышена глубина синтеза 20 > 5
Program started
0: 0.06313783268024449
Program started
0: 0.05545250289076103
1: 0.06505546603836763
2: 0.06505546603836763
3: 0.06505546603836763
4: 0.06505546603836763
